# JRE version: OpenJDK Runtime Environment (11.0.10+9) (build 11.0.10+9-Ubuntu-0ubuntu1.20.04)
# Java VM: OpenJDK 64-Bit Server VM (11.0.10+9-Ubuntu-0ubuntu1.20.04, mixed mode, sharing, tiered, compressed oops, g1 gc, linux-amd64)
Heap:
 garbage-first heap   total 629760K, used 376976K [0x0000000085000000, 0x0000000100000000)
  region size 1024K, 124 young (126976K), 1 survivors (1024K)
 Metaspace       used 8012K, capacity 8455K, committed 8576K, reserved 1056768K
  class space    used 852K, capacity 1045K, committed 1152K, reserved 1048576K
GC Heap History (20 events):
Event: 24.757 GC heap before
{Heap before GC invocations=49 (full 0):
 garbage-first heap   total 629760K, used 432260K [0x0000000085000000, 0x0000000100000000)
  region size 1024K, 151 young (154624K), 1 survivors (1024K)
 Metaspace       used 7942K, capacity 8391K, committed 8576K, reserved 1056768K
  class space    used 850K, capacity 1045K, committed 1152K, reserved 1048576K
}
Event: 24.761 GC heap after
{Heap after GC invocations=50 (full 0):
 garbage-first heap   total 629760K, used 150660K [0x0000000085000000, 0x0000000100000000)
  region size 1024K, 1 young (1024K), 1 survivors (1024K)
 Metaspace       used 7942K, capacity 8391K, committed 8576K, reserved 1056768K
  class space    used 850K, capacity 1045K, committed 1152K, reserved 1048576K
}
Event: 25.214 GC heap before
{Heap before GC invocations=51 (full 0):
 garbage-first heap   total 629760K, used 413828K [0x0000000085000000, 0x0000000100000000)
  region size 1024K, 133 young (136192K), 1 survivors (1024K)
 Metaspace       used 7944K, capacity 8391K, committed 8576K, reserved 1056768K
  class space    used 850K, capacity 1045K, committed 1152K, reserved 1048576K
}
Event: 25.215 GC heap after
{Heap after GC invocations=52 (full 0):
 garbage-first heap   total 629760K, used 132228K [0x0000000085000000, 0x0000000100000000)
  region size 1024K, 1 young (1024K), 1 survivors (1024K)
 Metaspace       used 7944K, capacity 8391K, committed 8576K, reserved 1056768K
  class space    used 850K, capacity 1045K, committed 1152K, reserved 1048576K
}
Event: 25.754 GC heap before
{Heap before GC invocations=53 (full 0):
 garbage-first heap   total 629760K, used 432260K [0x0000000085000000, 0x0000000100000000)
  region size 1024K, 151 young (154624K), 1 survivors (1024K)
 Metaspace       used 7944K, capacity 8391K, committed 8576K, reserved 1056768K
  class space    used 850K, capacity 1045K, committed 1152K, reserved 1048576K
}
Event: 25.755 GC heap after
{Heap after GC invocations=54 (full 0):
 garbage-first heap   total 629760K, used 150658K [0x0000000085000000, 0x0000000100000000)
  region size 1024K, 1 young (1024K), 1 survivors (1024K)
 Metaspace       used 7944K, capacity 8391K, committed 8576K, reserved 1056768K
  class space    used 850K, capacity 1045K, committed 1152K, reserved 1048576K
}
Event: 26.200 GC heap before
{Heap before GC invocations=55 (full 0):
 garbage-first heap   total 629760K, used 413826K [0x0000000085000000, 0x0000000100000000)
  region size 1024K, 133 young (136192K), 1 survivors (1024K)
 Metaspace       used 7945K, capacity 8391K, committed 8576K, reserved 1056768K
  class space    used 850K, capacity 1045K, committed 1152K, reserved 1048576K
}
Event: 26.201 GC heap after
{Heap after GC invocations=56 (full 0):
 garbage-first heap   total 629760K, used 132231K [0x0000000085000000, 0x0000000100000000)
  region size 1024K, 1 young (1024K), 1 survivors (1024K)
 Metaspace       used 7945K, capacity 8391K, committed 8576K, reserved 1056768K
  class space    used 850K, capacity 1045K, committed 1152K, reserved 1048576K
}
Event: 26.719 GC heap before
{Heap before GC invocations=57 (full 0):
 garbage-first heap   total 629760K, used 432263K [0x0000000085000000, 0x0000000100000000)
  region size 1024K, 151 young (154624K), 1 survivors (1024K)
 Metaspace       used 7950K, capacity 8391K, committed 8576K, reserved 1056768K
  class space    used 850K, capacity 1045K, committed 1152K, reserved 1048576K
}
Event: 26.724 GC heap after
{Heap after GC invocations=58 (full 0):
 garbage-first heap   total 629760K, used 150700K [0x0000000085000000, 0x0000000100000000)
  region size 1024K, 1 young (1024K), 1 survivors (1024K)
 Metaspace       used 7950K, capacity 8391K, committed 8576K, reserved 1056768K
  class space    used 850K, capacity 1045K, committed 1152K, reserved 1048576K
}
Event: 27.228 GC heap before
{Heap before GC invocations=59 (full 0):
 garbage-first heap   total 629760K, used 413868K [0x0000000085000000, 0x0000000100000000)
  region size 1024K, 133 young (136192K), 1 survivors (1024K)
 Metaspace       used 7958K, capacity 8391K, committed 8576K, reserved 1056768K
  class space    used 850K, capacity 1045K, committed 1152K, reserved 1048576K
}
Event: 27.229 GC heap after
{Heap after GC invocations=60 (full 0):
 garbage-first heap   total 629760K, used 132231K [0x0000000085000000, 0x0000000100000000)
  region size 1024K, 1 young (1024K), 1 survivors (1024K)
 Metaspace       used 7958K, capacity 8391K, committed 8576K, reserved 1056768K
  class space    used 850K, capacity 1045K, committed 1152K, reserved 1048576K
}
Event: 27.828 GC heap before
{Heap before GC invocations=61 (full 0):
 garbage-first heap   total 629760K, used 432263K [0x0000000085000000, 0x0000000100000000)
  region size 1024K, 151 young (154624K), 1 survivors (1024K)
 Metaspace       used 7964K, capacity 8391K, committed 8576K, reserved 1056768K
  class space    used 850K, capacity 1045K, committed 1152K, reserved 1048576K
}
Event: 27.831 GC heap after
{Heap after GC invocations=62 (full 0):
 garbage-first heap   total 629760K, used 150667K [0x0000000085000000, 0x0000000100000000)
  region size 1024K, 1 young (1024K), 1 survivors (1024K)
 Metaspace       used 7964K, capacity 8391K, committed 8576K, reserved 1056768K
  class space    used 850K, capacity 1045K, committed 1152K, reserved 1048576K
}
Event: 28.313 GC heap before
{Heap before GC invocations=63 (full 0):
 garbage-first heap   total 629760K, used 413835K [0x0000000085000000, 0x0000000100000000)
  region size 1024K, 133 young (136192K), 1 survivors (1024K)
 Metaspace       used 7964K, capacity 8391K, committed 8576K, reserved 1056768K
  class space    used 850K, capacity 1045K, committed 1152K, reserved 1048576K
}
Event: 28.318 GC heap after
{Heap after GC invocations=64 (full 0):
 garbage-first heap   total 629760K, used 132236K [0x0000000085000000, 0x0000000100000000)
  region size 1024K, 1 young (1024K), 1 survivors (1024K)
 Metaspace       used 7964K, capacity 8391K, committed 8576K, reserved 1056768K
  class space    used 850K, capacity 1045K, committed 1152K, reserved 1048576K
}
Event: 28.840 GC heap before
{Heap before GC invocations=65 (full 0):
 garbage-first heap   total 629760K, used 432268K [0x0000000085000000, 0x0000000100000000)
  region size 1024K, 151 young (154624K), 1 survivors (1024K)
 Metaspace       used 7986K, capacity 8391K, committed 8576K, reserved 1056768K
  class space    used 850K, capacity 1045K, committed 1152K, reserved 1048576K
}
Event: 28.841 GC heap after
{Heap after GC invocations=66 (full 0):
 garbage-first heap   total 629760K, used 150672K [0x0000000085000000, 0x0000000100000000)
  region size 1024K, 1 young (1024K), 1 survivors (1024K)
 Metaspace       used 7986K, capacity 8391K, committed 8576K, reserved 1056768K
  class space    used 850K, capacity 1045K, committed 1152K, reserved 1048576K
}
Event: 29.399 GC heap before
{Heap before GC invocations=67 (full 0):
 garbage-first heap   total 629760K, used 413840K [0x0000000085000000, 0x0000000100000000)
  region size 1024K, 133 young (136192K), 1 survivors (1024K)
 Metaspace       used 7988K, capacity 8391K, committed 8576K, reserved 1056768K
  class space    used 850K, capacity 1045K, committed 1152K, reserved 1048576K
}
Event: 29.400 GC heap after
{Heap after GC invocations=68 (full 0):
 garbage-first heap   total 629760K, used 132240K [0x0000000085000000, 0x0000000100000000)
  region size 1024K, 1 young (1024K), 1 survivors (1024K)
 Metaspace       used 7988K, capacity 8391K, committed 8576K, reserved 1056768K
  class space    used 850K, capacity 1045K, committed 1152K, reserved 1048576K
}

