# JRE version: OpenJDK Runtime Environment (11.0.10+9) (build 11.0.10+9-Ubuntu-0ubuntu1.20.04)
# Java VM: OpenJDK 64-Bit Server VM (11.0.10+9-Ubuntu-0ubuntu1.20.04, mixed mode, sharing, tiered, compressed oops, g1 gc, linux-amd64)
Heap:
 garbage-first heap   total 232448K, used 178672K [0x0000000085000000, 0x0000000100000000)
  region size 1024K, 34 young (34816K), 12 survivors (12288K)
 Metaspace       used 7883K, capacity 8313K, committed 8576K, reserved 1056768K
  class space    used 857K, capacity 1045K, committed 1152K, reserved 1048576K
GC Heap History (20 events):
Event: 70.818 GC heap before
{Heap before GC invocations=125 (full 0):
 garbage-first heap   total 226304K, used 133773K [0x0000000085000000, 0x0000000100000000)
  region size 1024K, 42 young (43008K), 10 survivors (10240K)
 Metaspace       used 7742K, capacity 8184K, committed 8576K, reserved 1056768K
  class space    used 851K, capacity 1045K, committed 1152K, reserved 1048576K
}
Event: 70.818 GC heap after
{Heap after GC invocations=126 (full 0):
 garbage-first heap   total 226304K, used 82768K [0x0000000085000000, 0x0000000100000000)
  region size 1024K, 1 young (1024K), 1 survivors (1024K)
 Metaspace       used 7742K, capacity 8184K, committed 8576K, reserved 1056768K
  class space    used 851K, capacity 1045K, committed 1152K, reserved 1048576K
}
Event: 73.255 GC heap before
{Heap before GC invocations=127 (full 0):
 garbage-first heap   total 226304K, used 172880K [0x0000000085000000, 0x0000000100000000)
  region size 1024K, 80 young (81920K), 1 survivors (1024K)
 Metaspace       used 7742K, capacity 8184K, committed 8576K, reserved 1056768K
  class space    used 851K, capacity 1045K, committed 1152K, reserved 1048576K
}
Event: 73.255 GC heap after
{Heap after GC invocations=128 (full 0):
 garbage-first heap   total 226304K, used 83814K [0x0000000085000000, 0x0000000100000000)
  region size 1024K, 1 young (1024K), 1 survivors (1024K)
 Metaspace       used 7742K, capacity 8184K, committed 8576K, reserved 1056768K
  class space    used 851K, capacity 1045K, committed 1152K, reserved 1048576K
}
Event: 75.941 GC heap before
{Heap before GC invocations=129 (full 0):
 garbage-first heap   total 226304K, used 199526K [0x0000000085000000, 0x0000000100000000)
  region size 1024K, 105 young (107520K), 1 survivors (1024K)
 Metaspace       used 7742K, capacity 8184K, committed 8576K, reserved 1056768K
  class space    used 851K, capacity 1045K, committed 1152K, reserved 1048576K
}
Event: 75.943 GC heap after
{Heap after GC invocations=130 (full 0):
 garbage-first heap   total 226304K, used 72341K [0x0000000085000000, 0x0000000100000000)
  region size 1024K, 10 young (10240K), 10 survivors (10240K)
 Metaspace       used 7742K, capacity 8184K, committed 8576K, reserved 1056768K
  class space    used 851K, capacity 1045K, committed 1152K, reserved 1048576K
}
Event: 76.125 GC heap before
{Heap before GC invocations=130 (full 0):
 garbage-first heap   total 226304K, used 133781K [0x0000000085000000, 0x0000000100000000)
  region size 1024K, 42 young (43008K), 10 survivors (10240K)
 Metaspace       used 7742K, capacity 8184K, committed 8576K, reserved 1056768K
  class space    used 851K, capacity 1045K, committed 1152K, reserved 1048576K
}
Event: 76.126 GC heap after
{Heap after GC invocations=131 (full 0):
 garbage-first heap   total 226304K, used 82774K [0x0000000085000000, 0x0000000100000000)
  region size 1024K, 1 young (1024K), 1 survivors (1024K)
 Metaspace       used 7742K, capacity 8184K, committed 8576K, reserved 1056768K
  class space    used 851K, capacity 1045K, committed 1152K, reserved 1048576K
}
Event: 78.708 GC heap before
{Heap before GC invocations=132 (full 0):
 garbage-first heap   total 226304K, used 172886K [0x0000000085000000, 0x0000000100000000)
  region size 1024K, 80 young (81920K), 1 survivors (1024K)
 Metaspace       used 7742K, capacity 8184K, committed 8576K, reserved 1056768K
  class space    used 851K, capacity 1045K, committed 1152K, reserved 1048576K
}
Event: 78.709 GC heap after
{Heap after GC invocations=133 (full 0):
 garbage-first heap   total 226304K, used 83820K [0x0000000085000000, 0x0000000100000000)
  region size 1024K, 1 young (1024K), 1 survivors (1024K)
 Metaspace       used 7742K, capacity 8184K, committed 8576K, reserved 1056768K
  class space    used 851K, capacity 1045K, committed 1152K, reserved 1048576K
}
Event: 81.532 GC heap before
{Heap before GC invocations=134 (full 0):
 garbage-first heap   total 226304K, used 199532K [0x0000000085000000, 0x0000000100000000)
  region size 1024K, 105 young (107520K), 1 survivors (1024K)
 Metaspace       used 7743K, capacity 8184K, committed 8576K, reserved 1056768K
  class space    used 851K, capacity 1045K, committed 1152K, reserved 1048576K
}
Event: 81.534 GC heap after
{Heap after GC invocations=135 (full 0):
 garbage-first heap   total 226304K, used 72348K [0x0000000085000000, 0x0000000100000000)
  region size 1024K, 10 young (10240K), 10 survivors (10240K)
 Metaspace       used 7743K, capacity 8184K, committed 8576K, reserved 1056768K
  class space    used 851K, capacity 1045K, committed 1152K, reserved 1048576K
}
Event: 81.720 GC heap before
{Heap before GC invocations=135 (full 0):
 garbage-first heap   total 226304K, used 133788K [0x0000000085000000, 0x0000000100000000)
  region size 1024K, 42 young (43008K), 10 survivors (10240K)
 Metaspace       used 7748K, capacity 8184K, committed 8576K, reserved 1056768K
  class space    used 851K, capacity 1045K, committed 1152K, reserved 1048576K
}
Event: 81.720 GC heap after
{Heap after GC invocations=136 (full 0):
 garbage-first heap   total 226304K, used 82773K [0x0000000085000000, 0x0000000100000000)
  region size 1024K, 1 young (1024K), 1 survivors (1024K)
 Metaspace       used 7748K, capacity 8184K, committed 8576K, reserved 1056768K
  class space    used 851K, capacity 1045K, committed 1152K, reserved 1048576K
}
Event: 84.460 GC heap before
{Heap before GC invocations=137 (full 0):
 garbage-first heap   total 226304K, used 173909K [0x0000000085000000, 0x0000000100000000)
  region size 1024K, 81 young (82944K), 1 survivors (1024K)
 Metaspace       used 7783K, capacity 8185K, committed 8576K, reserved 1056768K
  class space    used 851K, capacity 1045K, committed 1152K, reserved 1048576K
}
Event: 84.461 GC heap after
{Heap after GC invocations=138 (full 0):
 garbage-first heap   total 226304K, used 83823K [0x0000000085000000, 0x0000000100000000)
  region size 1024K, 1 young (1024K), 1 survivors (1024K)
 Metaspace       used 7783K, capacity 8185K, committed 8576K, reserved 1056768K
  class space    used 851K, capacity 1045K, committed 1152K, reserved 1048576K
}
Event: 87.405 GC heap before
{Heap before GC invocations=139 (full 0):
 garbage-first heap   total 226304K, used 199535K [0x0000000085000000, 0x0000000100000000)
  region size 1024K, 105 young (107520K), 1 survivors (1024K)
 Metaspace       used 7867K, capacity 8313K, committed 8576K, reserved 1056768K
  class space    used 857K, capacity 1045K, committed 1152K, reserved 1048576K
}
Event: 87.413 GC heap after
{Heap after GC invocations=140 (full 0):
 garbage-first heap   total 232448K, used 92512K [0x0000000085000000, 0x0000000100000000)
  region size 1024K, 14 young (14336K), 14 survivors (14336K)
 Metaspace       used 7867K, capacity 8313K, committed 8576K, reserved 1056768K
  class space    used 857K, capacity 1045K, committed 1152K, reserved 1048576K
}
Event: 87.569 GC heap before
{Heap before GC invocations=140 (full 0):
 garbage-first heap   total 232448K, used 164192K [0x0000000085000000, 0x0000000100000000)
  region size 1024K, 66 young (67584K), 14 survivors (14336K)
 Metaspace       used 7867K, capacity 8313K, committed 8576K, reserved 1056768K
  class space    used 857K, capacity 1045K, committed 1152K, reserved 1048576K
}
Event: 87.581 GC heap after
{Heap after GC invocations=141 (full 0):
 garbage-first heap   total 232448K, used 114160K [0x0000000085000000, 0x0000000100000000)
  region size 1024K, 12 young (12288K), 12 survivors (12288K)
 Metaspace       used 7867K, capacity 8313K, committed 8576K, reserved 1056768K
  class space    used 857K, capacity 1045K, committed 1152K, reserved 1048576K
}

