# JRE version: OpenJDK Runtime Environment (11.0.10+9) (build 11.0.10+9-Ubuntu-0ubuntu1.20.04)
# Java VM: OpenJDK 64-Bit Server VM (11.0.10+9-Ubuntu-0ubuntu1.20.04, mixed mode, sharing, tiered, compressed oops, g1 gc, linux-amd64)
Heap:
 garbage-first heap   total 339968K, used 295161K [0x0000000085000000, 0x0000000100000000)
  region size 1024K, 52 young (53248K), 10 survivors (10240K)
 Metaspace       used 7675K, capacity 8057K, committed 8192K, reserved 1056768K
  class space    used 826K, capacity 1000K, committed 1024K, reserved 1048576K
GC Heap History (20 events):
Event: 2.478 GC heap before
{Heap before GC invocations=18 (full 0):
 garbage-first heap   total 212992K, used 121244K [0x0000000085000000, 0x0000000100000000)
  region size 1024K, 32 young (32768K), 7 survivors (7168K)
 Metaspace       used 7518K, capacity 7928K, committed 8192K, reserved 1056768K
  class space    used 819K, capacity 1000K, committed 1024K, reserved 1048576K
}
Event: 2.485 GC heap after
{Heap after GC invocations=19 (full 0):
 garbage-first heap   total 212992K, used 122185K [0x0000000085000000, 0x0000000100000000)
  region size 1024K, 10 young (10240K), 10 survivors (10240K)
 Metaspace       used 7518K, capacity 7928K, committed 8192K, reserved 1056768K
  class space    used 819K, capacity 1000K, committed 1024K, reserved 1048576K
}
Event: 2.504 GC heap before
{Heap before GC invocations=20 (full 0):
 garbage-first heap   total 212992K, used 141641K [0x0000000085000000, 0x0000000100000000)
  region size 1024K, 10 young (10240K), 10 survivors (10240K)
 Metaspace       used 7518K, capacity 7928K, committed 8192K, reserved 1056768K
  class space    used 819K, capacity 1000K, committed 1024K, reserved 1048576K
}
Event: 2.506 GC heap after
{Heap after GC invocations=21 (full 0):
 garbage-first heap   total 212992K, used 141641K [0x0000000085000000, 0x0000000100000000)
  region size 1024K, 0 young (0K), 0 survivors (0K)
 Metaspace       used 7518K, capacity 7928K, committed 8192K, reserved 1056768K
  class space    used 819K, capacity 1000K, committed 1024K, reserved 1048576K
}
Event: 2.714 GC heap before
{Heap before GC invocations=22 (full 0):
 garbage-first heap   total 212992K, used 176457K [0x0000000085000000, 0x0000000100000000)
  region size 1024K, 19 young (19456K), 0 survivors (0K)
 Metaspace       used 7518K, capacity 7928K, committed 8192K, reserved 1056768K
  class space    used 819K, capacity 1000K, committed 1024K, reserved 1048576K
}
Event: 2.718 GC heap after
{Heap after GC invocations=23 (full 0):
 garbage-first heap   total 339968K, used 174099K [0x0000000085000000, 0x0000000100000000)
  region size 1024K, 3 young (3072K), 3 survivors (3072K)
 Metaspace       used 7518K, capacity 7928K, committed 8192K, reserved 1056768K
  class space    used 819K, capacity 1000K, committed 1024K, reserved 1048576K
}
Event: 2.839 GC heap before
{Heap before GC invocations=23 (full 0):
 garbage-first heap   total 339968K, used 245779K [0x0000000085000000, 0x0000000100000000)
  region size 1024K, 73 young (74752K), 3 survivors (3072K)
 Metaspace       used 7518K, capacity 7928K, committed 8192K, reserved 1056768K
  class space    used 819K, capacity 1000K, committed 1024K, reserved 1048576K
}
Event: 2.843 GC heap after
{Heap after GC invocations=24 (full 0):
 garbage-first heap   total 339968K, used 187007K [0x0000000085000000, 0x0000000100000000)
  region size 1024K, 10 young (10240K), 10 survivors (10240K)
 Metaspace       used 7518K, capacity 7928K, committed 8192K, reserved 1056768K
  class space    used 819K, capacity 1000K, committed 1024K, reserved 1048576K
}
Event: 2.908 GC heap before
{Heap before GC invocations=25 (full 0):
 garbage-first heap   total 339968K, used 158335K [0x0000000085000000, 0x0000000100000000)
  region size 1024K, 72 young (73728K), 10 survivors (10240K)
 Metaspace       used 7518K, capacity 7928K, committed 8192K, reserved 1056768K
  class space    used 819K, capacity 1000K, committed 1024K, reserved 1048576K
}
Event: 2.916 GC heap after
{Heap after GC invocations=26 (full 0):
 garbage-first heap   total 339968K, used 110631K [0x0000000085000000, 0x0000000100000000)
  region size 1024K, 9 young (9216K), 9 survivors (9216K)
 Metaspace       used 7518K, capacity 7928K, committed 8192K, reserved 1056768K
  class space    used 819K, capacity 1000K, committed 1024K, reserved 1048576K
}
Event: 4.669 GC heap before
{Heap before GC invocations=26 (full 0):
 garbage-first heap   total 339968K, used 243751K [0x0000000085000000, 0x0000000100000000)
  region size 1024K, 91 young (93184K), 9 survivors (9216K)
 Metaspace       used 7537K, capacity 7928K, committed 8192K, reserved 1056768K
  class space    used 820K, capacity 1000K, committed 1024K, reserved 1048576K
}
Event: 4.674 GC heap after
{Heap after GC invocations=27 (full 0):
 garbage-first heap   total 339968K, used 166650K [0x0000000085000000, 0x0000000100000000)
  region size 1024K, 12 young (12288K), 12 survivors (12288K)
 Metaspace       used 7537K, capacity 7928K, committed 8192K, reserved 1056768K
  class space    used 820K, capacity 1000K, committed 1024K, reserved 1048576K
}
Event: 4.769 GC heap before
{Heap before GC invocations=27 (full 0):
 garbage-first heap   total 339968K, used 233210K [0x0000000085000000, 0x0000000100000000)
  region size 1024K, 77 young (78848K), 12 survivors (12288K)
 Metaspace       used 7543K, capacity 7928K, committed 8192K, reserved 1056768K
  class space    used 820K, capacity 1000K, committed 1024K, reserved 1048576K
}
Event: 4.773 GC heap after
{Heap after GC invocations=28 (full 0):
 garbage-first heap   total 339968K, used 168948K [0x0000000085000000, 0x0000000100000000)
  region size 1024K, 10 young (10240K), 10 survivors (10240K)
 Metaspace       used 7543K, capacity 7928K, committed 8192K, reserved 1056768K
  class space    used 820K, capacity 1000K, committed 1024K, reserved 1048576K
}
Event: 7.071 GC heap before
{Heap before GC invocations=29 (full 0):
 garbage-first heap   total 339968K, used 210932K [0x0000000085000000, 0x0000000100000000)
  region size 1024K, 78 young (79872K), 10 survivors (10240K)
 Metaspace       used 7662K, capacity 8057K, committed 8192K, reserved 1056768K
  class space    used 826K, capacity 1000K, committed 1024K, reserved 1048576K
}
Event: 7.076 GC heap after
{Heap after GC invocations=30 (full 0):
 garbage-first heap   total 339968K, used 156420K [0x0000000085000000, 0x0000000100000000)
  region size 1024K, 10 young (10240K), 10 survivors (10240K)
 Metaspace       used 7662K, capacity 8057K, committed 8192K, reserved 1056768K
  class space    used 826K, capacity 1000K, committed 1024K, reserved 1048576K
}
Event: 7.162 GC heap before
{Heap before GC invocations=30 (full 0):
 garbage-first heap   total 339968K, used 230148K [0x0000000085000000, 0x0000000100000000)
  region size 1024K, 83 young (84992K), 10 survivors (10240K)
 Metaspace       used 7662K, capacity 8057K, committed 8192K, reserved 1056768K
  class space    used 826K, capacity 1000K, committed 1024K, reserved 1048576K
}
Event: 7.169 GC heap after
{Heap after GC invocations=31 (full 0):
 garbage-first heap   total 339968K, used 179319K [0x0000000085000000, 0x0000000100000000)
  region size 1024K, 11 young (11264K), 11 survivors (11264K)
 Metaspace       used 7662K, capacity 8057K, committed 8192K, reserved 1056768K
  class space    used 826K, capacity 1000K, committed 1024K, reserved 1048576K
}
Event: 7.232 GC heap before
{Heap before GC invocations=31 (full 0):
 garbage-first heap   total 339968K, used 242807K [0x0000000085000000, 0x0000000100000000)
  region size 1024K, 73 young (74752K), 11 survivors (11264K)
 Metaspace       used 7662K, capacity 8057K, committed 8192K, reserved 1056768K
  class space    used 826K, capacity 1000K, committed 1024K, reserved 1048576K
}
Event: 7.257 GC heap after
{Heap after GC invocations=32 (full 0):
 garbage-first heap   total 339968K, used 208121K [0x0000000085000000, 0x0000000100000000)
  region size 1024K, 10 young (10240K), 10 survivors (10240K)
 Metaspace       used 7662K, capacity 8057K, committed 8192K, reserved 1056768K
  class space    used 826K, capacity 1000K, committed 1024K, reserved 1048576K
}

